2024-07-11 13:50:33,440 [INFO]: LeadRepush: 1
2024-07-11 13:50:33,440 [ERROR]: count is not equal to zero
2024-07-11 13:50:44,694 [INFO]: LeadRepush: 0
2024-07-11 13:50:48,973 [INFO]: Excel file saved: C:\Users\tvs-dealer-admin\AppData\Local\Temp\2\TVS_LMS_11_07_2024ilymty4c.xlsx
2024-07-11 13:50:57,659 [INFO]: Reply sent to rajesh.yerremshetty@unicorntechmedia.com with CC to mohit.lalwani@unicorntechmedia.com, kirti.jindal@unicorntechmedia.com, nisha.singh@unicorntechmedia.com, ankur.kataria@unicorntechmedia.com, arun.reddy@newgendigital.com,Neha.Parasher@tvsmotor.com,prasanth@newgendigital.com, priyadharshini@newgendigital.com, punitha@newgendigital.com, kartik.shah@unicorntechmedia.com, somesh@unicorntechmedia.com for the email with subject 'Re: Updated EMS response for null EMS'.
2024-07-11 18:00:26,319 [INFO]: LeadRepush: 2
2024-07-11 18:00:26,319 [ERROR]: count is not equal to zero
2024-07-11 18:01:04,644 [INFO]: LeadRepush: 0
2024-07-11 18:01:18,449 [INFO]: Excel file saved: C:\Users\tvs-dealer-admin\AppData\Local\Temp\TVS_LMS_11_07_2024qmeow979.xlsx
2024-07-11 18:01:28,108 [INFO]: Reply sent to rajesh.yerremshetty@unicorntechmedia.com with CC to mohit.lalwani@unicorntechmedia.com, kirti.jindal@unicorntechmedia.com, nisha.singh@unicorntechmedia.com, ankur.kataria@unicorntechmedia.com, arun.reddy@newgendigital.com,Neha.Parasher@tvsmotor.com,prasanth@newgendigital.com, priyadharshini@newgendigital.com, punitha@newgendigital.com, kartik.shah@unicorntechmedia.com, somesh@unicorntechmedia.com for the email with subject 'Re: Updated EMS response for null EMS'.
2024-07-12 18:00:35,634 [INFO]: LeadRepush: 8
2024-07-12 18:00:35,634 [ERROR]: count is not equal to zero
2024-07-12 18:01:17,781 [INFO]: LeadRepush: 0
2024-07-12 18:01:35,874 [INFO]: Excel file saved: C:\Users\tvs-dealer-admin\AppData\Local\Temp\TVS_LMS_12_07_20241xadm88q.xlsx
2024-07-12 18:01:45,930 [INFO]: Reply sent to rajesh.yerremshetty@unicorntechmedia.com with CC to mohit.lalwani@unicorntechmedia.com, kirti.jindal@unicorntechmedia.com, nisha.singh@unicorntechmedia.com, ankur.kataria@unicorntechmedia.com, arun.reddy@newgendigital.com,Neha.Parasher@tvsmotor.com,prasanth@newgendigital.com, priyadharshini@newgendigital.com, punitha@newgendigital.com, kartik.shah@unicorntechmedia.com, somesh@unicorntechmedia.com for the email with subject 'Re: Updated EMS response for null EMS'.
2024-07-13 18:00:26,931 [INFO]: LeadRepush: 5
2024-07-13 18:00:26,931 [ERROR]: count is not equal to zero
2024-07-13 18:00:51,385 [INFO]: LeadRepush: 0
2024-07-13 18:01:05,154 [INFO]: Excel file saved: C:\Users\tvs-dealer-admin\AppData\Local\Temp\TVS_LMS_13_07_2024x7bptkzl.xlsx
2024-07-13 18:01:13,475 [INFO]: Reply sent to rajesh.yerremshetty@unicorntechmedia.com with CC to mohit.lalwani@unicorntechmedia.com, kirti.jindal@unicorntechmedia.com, nisha.singh@unicorntechmedia.com, ankur.kataria@unicorntechmedia.com, arun.reddy@newgendigital.com,Neha.Parasher@tvsmotor.com,prasanth@newgendigital.com, priyadharshini@newgendigital.com, punitha@newgendigital.com, kartik.shah@unicorntechmedia.com, somesh@unicorntechmedia.com for the email with subject 'Re: Updated EMS response for null EMS'.
2024-07-14 18:00:21,083 [INFO]: LeadRepush: 2
2024-07-14 18:00:21,083 [ERROR]: count is not equal to zero
2024-07-14 18:00:41,110 [INFO]: LeadRepush: 0
2024-07-14 18:00:50,737 [INFO]: Excel file saved: C:\Users\tvs-dealer-admin\AppData\Local\Temp\TVS_LMS_14_07_2024bex8dj_m.xlsx
2024-07-14 18:00:59,006 [INFO]: Reply sent to rajesh.yerremshetty@unicorntechmedia.com with CC to mohit.lalwani@unicorntechmedia.com, kirti.jindal@unicorntechmedia.com, nisha.singh@unicorntechmedia.com, ankur.kataria@unicorntechmedia.com, arun.reddy@newgendigital.com,Neha.Parasher@tvsmotor.com,prasanth@newgendigital.com, priyadharshini@newgendigital.com, punitha@newgendigital.com, kartik.shah@unicorntechmedia.com, somesh@unicorntechmedia.com for the email with subject 'Re: Updated EMS response for null EMS'.
2024-07-15 18:00:24,892 [INFO]: LeadRepush: 7
2024-07-15 18:00:24,892 [ERROR]: count is not equal to zero
2024-07-15 18:01:10,208 [INFO]: LeadRepush: 0
2024-07-15 18:01:16,130 [INFO]: Excel file saved: C:\Users\tvs-dealer-admin\AppData\Local\Temp\TVS_LMS_15_07_2024x9jtd5iu.xlsx
2024-07-15 18:01:25,373 [INFO]: Reply sent to rajesh.yerremshetty@unicorntechmedia.com with CC to mohit.lalwani@unicorntechmedia.com, kirti.jindal@unicorntechmedia.com, nisha.singh@unicorntechmedia.com, ankur.kataria@unicorntechmedia.com, arun.reddy@newgendigital.com,Neha.Parasher@tvsmotor.com,prasanth@newgendigital.com, priyadharshini@newgendigital.com, punitha@newgendigital.com, kartik.shah@unicorntechmedia.com, somesh@unicorntechmedia.com for the email with subject 'Re: Updated EMS response for null EMS'.
2024-07-16 18:00:16,386 [INFO]: LeadRepush: 5
2024-07-16 18:00:16,386 [ERROR]: count is not equal to zero
2024-07-16 18:00:35,107 [INFO]: LeadRepush: 0
2024-07-16 18:00:42,246 [INFO]: Excel file saved: C:\Users\tvs-dealer-admin\AppData\Local\Temp\TVS_LMS_16_07_2024p3y4xtw3.xlsx
2024-07-16 18:00:50,680 [INFO]: Reply sent to rajesh.yerremshetty@unicorntechmedia.com with CC to mohit.lalwani@unicorntechmedia.com, kirti.jindal@unicorntechmedia.com, nisha.singh@unicorntechmedia.com, ankur.kataria@unicorntechmedia.com, arun.reddy@newgendigital.com,Neha.Parasher@tvsmotor.com,prasanth@newgendigital.com, priyadharshini@newgendigital.com, punitha@newgendigital.com, kartik.shah@unicorntechmedia.com, somesh@unicorntechmedia.com for the email with subject 'Re: Updated EMS response for null EMS'.
2024-07-17 18:00:29,993 [INFO]: LeadRepush: 133
2024-07-17 18:00:29,993 [ERROR]: count is not equal to zero
2024-07-17 18:08:34,846 [INFO]: LeadRepush: 33
2024-07-17 18:08:34,846 [ERROR]: count is not equal to zero
2024-07-17 18:09:28,723 [INFO]: LeadRepush: 0
2024-07-17 18:09:29,467 [INFO]: Excel file saved: C:\Users\tvs-dealer-admin\AppData\Local\Temp\TVS_LMS_17_07_2024fadbikcn.xlsx
2024-07-17 18:09:38,588 [INFO]: Reply sent to rajesh.yerremshetty@unicorntechmedia.com with CC to mohit.lalwani@unicorntechmedia.com, kirti.jindal@unicorntechmedia.com, nisha.singh@unicorntechmedia.com, ankur.kataria@unicorntechmedia.com, arun.reddy@newgendigital.com,Neha.Parasher@tvsmotor.com,prasanth@newgendigital.com, priyadharshini@newgendigital.com, punitha@newgendigital.com, kartik.shah@unicorntechmedia.com, somesh@unicorntechmedia.com for the email with subject 'Re: Updated EMS response for null EMS'.
2024-07-18 18:00:23,696 [INFO]: LeadRepush: 26
2024-07-18 18:00:23,696 [ERROR]: count is not equal to zero
2024-07-18 18:01:10,905 [INFO]: LeadRepush: 0
2024-07-18 18:01:14,538 [INFO]: Excel file saved: C:\Users\tvs-dealer-admin\AppData\Local\Temp\TVS_LMS_18_07_2024doyk4z7e.xlsx
2024-07-18 18:01:22,570 [INFO]: Reply sent to rajesh.yerremshetty@unicorntechmedia.com with CC to mohit.lalwani@unicorntechmedia.com, kirti.jindal@unicorntechmedia.com, nisha.singh@unicorntechmedia.com, ankur.kataria@unicorntechmedia.com, arun.reddy@newgendigital.com,Neha.Parasher@tvsmotor.com,prasanth@newgendigital.com, priyadharshini@newgendigital.com, punitha@newgendigital.com, kartik.shah@unicorntechmedia.com, somesh@unicorntechmedia.com for the email with subject 'Re: Updated EMS response for null EMS'.
2024-07-19 18:00:20,963 [INFO]: LeadRepush: 11
2024-07-19 18:00:20,963 [ERROR]: count is not equal to zero
2024-07-19 18:00:43,208 [INFO]: LeadRepush: 0
2024-07-19 18:00:47,451 [INFO]: Excel file saved: C:\Users\tvs-dealer-admin\AppData\Local\Temp\TVS_LMS_19_07_2024ooxv5r6w.xlsx
2024-07-19 18:00:56,351 [INFO]: Reply sent to rajesh.yerremshetty@unicorntechmedia.com with CC to mohit.lalwani@unicorntechmedia.com, kirti.jindal@unicorntechmedia.com, nisha.singh@unicorntechmedia.com, ankur.kataria@unicorntechmedia.com, arun.reddy@newgendigital.com,Neha.Parasher@tvsmotor.com,prasanth@newgendigital.com, priyadharshini@newgendigital.com, punitha@newgendigital.com, kartik.shah@unicorntechmedia.com, somesh@unicorntechmedia.com for the email with subject 'Re: Updated EMS response for null EMS'.
2024-07-20 18:00:20,338 [INFO]: LeadRepush: 4
2024-07-20 18:00:20,338 [ERROR]: count is not equal to zero
2024-07-20 18:00:36,333 [INFO]: LeadRepush: 0
2024-07-20 18:00:40,492 [INFO]: Excel file saved: C:\Users\tvs-dealer-admin\AppData\Local\Temp\TVS_LMS_20_07_20244fqnsxkz.xlsx
2024-07-20 18:00:49,687 [INFO]: Reply sent to rajesh.yerremshetty@unicorntechmedia.com with CC to mohit.lalwani@unicorntechmedia.com, kirti.jindal@unicorntechmedia.com, nisha.singh@unicorntechmedia.com, ankur.kataria@unicorntechmedia.com, arun.reddy@newgendigital.com,Neha.Parasher@tvsmotor.com,prasanth@newgendigital.com, priyadharshini@newgendigital.com, punitha@newgendigital.com, kartik.shah@unicorntechmedia.com, somesh@unicorntechmedia.com for the email with subject 'Re: Updated EMS response for null EMS'.
2024-07-21 18:00:14,631 [INFO]: LeadRepush: 7
2024-07-21 18:00:14,632 [ERROR]: count is not equal to zero
2024-07-21 18:00:34,634 [INFO]: LeadRepush: 0
2024-07-21 18:00:40,617 [INFO]: Excel file saved: C:\Users\tvs-dealer-admin\AppData\Local\Temp\TVS_LMS_21_07_20248adt7s9v.xlsx
2024-07-21 18:00:49,400 [INFO]: Reply sent to rajesh.yerremshetty@unicorntechmedia.com with CC to mohit.lalwani@unicorntechmedia.com, kirti.jindal@unicorntechmedia.com, nisha.singh@unicorntechmedia.com, ankur.kataria@unicorntechmedia.com, arun.reddy@newgendigital.com,Neha.Parasher@tvsmotor.com,prasanth@newgendigital.com, priyadharshini@newgendigital.com, punitha@newgendigital.com, kartik.shah@unicorntechmedia.com, somesh@unicorntechmedia.com for the email with subject 'Re: Updated EMS response for null EMS'.
2024-07-22 18:00:26,078 [INFO]: LeadRepush: 14
2024-07-22 18:00:26,078 [ERROR]: count is not equal to zero
2024-07-22 18:00:57,036 [INFO]: LeadRepush: 0
2024-07-22 18:00:59,970 [INFO]: Excel file saved: C:\Users\tvs-dealer-admin\AppData\Local\Temp\TVS_LMS_22_07_20240bo5ye_l.xlsx
2024-07-22 18:01:38,055 [INFO]: Reply sent to rajesh.yerremshetty@unicorntechmedia.com with CC to mohit.lalwani@unicorntechmedia.com, kirti.jindal@unicorntechmedia.com, nisha.singh@unicorntechmedia.com, ankur.kataria@unicorntechmedia.com, arun.reddy@newgendigital.com,Neha.Parasher@tvsmotor.com,prasanth@newgendigital.com, priyadharshini@newgendigital.com, punitha@newgendigital.com, kartik.shah@unicorntechmedia.com, somesh@unicorntechmedia.com for the email with subject 'Re: Updated EMS response for null EMS'.
2024-07-23 18:00:20,195 [INFO]: LeadRepush: 29
2024-07-23 18:00:20,195 [ERROR]: count is not equal to zero
2024-07-23 18:01:37,197 [INFO]: LeadRepush: 0
2024-07-23 18:01:40,121 [INFO]: Excel file saved: C:\Users\tvs-dealer-admin\AppData\Local\Temp\TVS_LMS_23_07_2024uxpor_rn.xlsx
2024-07-23 18:01:48,417 [INFO]: Reply sent to rajesh.yerremshetty@unicorntechmedia.com with CC to mohit.lalwani@unicorntechmedia.com, kirti.jindal@unicorntechmedia.com, nisha.singh@unicorntechmedia.com, ankur.kataria@unicorntechmedia.com, arun.reddy@newgendigital.com,Neha.Parasher@tvsmotor.com,prasanth@newgendigital.com, priyadharshini@newgendigital.com, punitha@newgendigital.com, kartik.shah@unicorntechmedia.com, somesh@unicorntechmedia.com for the email with subject 'Re: Updated EMS response for null EMS'.
2024-07-24 18:00:18,256 [INFO]: LeadRepush: 7
2024-07-24 18:00:18,256 [ERROR]: count is not equal to zero
2024-07-24 18:00:39,513 [INFO]: LeadRepush: 0
2024-07-24 18:00:43,118 [INFO]: Excel file saved: C:\Users\tvs-dealer-admin\AppData\Local\Temp\TVS_LMS_24_07_2024mf_g69iv.xlsx
2024-07-24 18:00:52,084 [INFO]: Reply sent to rajesh.yerremshetty@unicorntechmedia.com with CC to mohit.lalwani@unicorntechmedia.com, kirti.jindal@unicorntechmedia.com, nisha.singh@unicorntechmedia.com, ankur.kataria@unicorntechmedia.com, arun.reddy@newgendigital.com,Neha.Parasher@tvsmotor.com,prasanth@newgendigital.com, priyadharshini@newgendigital.com, punitha@newgendigital.com, kartik.shah@unicorntechmedia.com, somesh@unicorntechmedia.com for the email with subject 'Re: Updated EMS response for null EMS'.
2024-07-25 18:01:30,841 [INFO]: LeadRepush: 11
2024-07-25 18:01:30,841 [ERROR]: count is not equal to zero
2024-07-25 18:03:24,475 [INFO]: LeadRepush: 0
2024-07-25 18:03:44,583 [INFO]: Excel file saved: C:\Users\tvs-dealer-admin\AppData\Local\Temp\TVS_LMS_25_07_2024j25l6nwv.xlsx
2024-07-25 18:03:53,407 [INFO]: Reply sent to rajesh.yerremshetty@unicorntechmedia.com with CC to mohit.lalwani@unicorntechmedia.com, kirti.jindal@unicorntechmedia.com, nisha.singh@unicorntechmedia.com, ankur.kataria@unicorntechmedia.com, arun.reddy@newgendigital.com,Neha.Parasher@tvsmotor.com,prasanth@newgendigital.com, priyadharshini@newgendigital.com, punitha@newgendigital.com, kartik.shah@unicorntechmedia.com, somesh@unicorntechmedia.com for the email with subject 'Re: Updated EMS response for null EMS'.
2024-07-26 18:00:27,545 [INFO]: LeadRepush: 14
2024-07-26 18:00:27,545 [ERROR]: count is not equal to zero
2024-07-26 18:02:34,325 [INFO]: LeadRepush: 0
2024-07-26 18:02:39,407 [INFO]: Excel file saved: C:\Users\tvs-dealer-admin\AppData\Local\Temp\TVS_LMS_26_07_2024r0c9jufn.xlsx
2024-07-26 18:02:47,765 [INFO]: Reply sent to rajesh.yerremshetty@unicorntechmedia.com with CC to mohit.lalwani@unicorntechmedia.com, kirti.jindal@unicorntechmedia.com, nisha.singh@unicorntechmedia.com, ankur.kataria@unicorntechmedia.com, arun.reddy@newgendigital.com,Neha.Parasher@tvsmotor.com,prasanth@newgendigital.com, priyadharshini@newgendigital.com, punitha@newgendigital.com, kartik.shah@unicorntechmedia.com, somesh@unicorntechmedia.com for the email with subject 'Re: Updated EMS response for null EMS'.
2024-07-27 18:00:24,621 [INFO]: LeadRepush: 3
2024-07-27 18:00:24,621 [ERROR]: count is not equal to zero
2024-07-27 18:01:54,506 [INFO]: LeadRepush: 0
2024-07-27 18:02:00,015 [INFO]: Excel file saved: C:\Users\tvs-dealer-admin\AppData\Local\Temp\TVS_LMS_27_07_20249084imkl.xlsx
2024-07-27 18:02:08,018 [INFO]: Reply sent to rajesh.yerremshetty@unicorntechmedia.com with CC to mohit.lalwani@unicorntechmedia.com, kirti.jindal@unicorntechmedia.com, nisha.singh@unicorntechmedia.com, ankur.kataria@unicorntechmedia.com, arun.reddy@newgendigital.com,Neha.Parasher@tvsmotor.com,prasanth@newgendigital.com, priyadharshini@newgendigital.com, punitha@newgendigital.com, kartik.shah@unicorntechmedia.com, somesh@unicorntechmedia.com for the email with subject 'Re: Updated EMS response for null EMS'.
2024-07-28 18:00:25,796 [INFO]: LeadRepush: 5
2024-07-28 18:00:25,796 [ERROR]: count is not equal to zero
2024-07-28 18:00:46,535 [INFO]: LeadRepush: 0
2024-07-28 18:00:57,061 [INFO]: Excel file saved: C:\Users\tvs-dealer-admin\AppData\Local\Temp\TVS_LMS_28_07_20245tk3kpe6.xlsx
2024-07-28 18:01:06,105 [INFO]: Reply sent to rajesh.yerremshetty@unicorntechmedia.com with CC to mohit.lalwani@unicorntechmedia.com, kirti.jindal@unicorntechmedia.com, nisha.singh@unicorntechmedia.com, ankur.kataria@unicorntechmedia.com, arun.reddy@newgendigital.com,Neha.Parasher@tvsmotor.com,prasanth@newgendigital.com, priyadharshini@newgendigital.com, punitha@newgendigital.com, kartik.shah@unicorntechmedia.com, somesh@unicorntechmedia.com for the email with subject 'Re: Updated EMS response for null EMS'.
2024-07-29 18:00:26,739 [INFO]: LeadRepush: 10
2024-07-29 18:00:26,739 [ERROR]: count is not equal to zero
2024-07-29 18:00:56,876 [INFO]: LeadRepush: 0
2024-07-29 18:01:08,080 [INFO]: Excel file saved: C:\Users\tvs-dealer-admin\AppData\Local\Temp\TVS_LMS_29_07_20241jlabkll.xlsx
2024-07-29 18:01:17,001 [INFO]: Reply sent to rajesh.yerremshetty@unicorntechmedia.com with CC to mohit.lalwani@unicorntechmedia.com, kirti.jindal@unicorntechmedia.com, nisha.singh@unicorntechmedia.com, ankur.kataria@unicorntechmedia.com, arun.reddy@newgendigital.com,Neha.Parasher@tvsmotor.com,prasanth@newgendigital.com, priyadharshini@newgendigital.com, punitha@newgendigital.com, kartik.shah@unicorntechmedia.com, somesh@unicorntechmedia.com for the email with subject 'Re: Updated EMS response for null EMS'.
2024-07-30 18:00:24,141 [INFO]: LeadRepush: 3
2024-07-30 18:00:24,142 [ERROR]: count is not equal to zero
2024-07-30 18:00:57,639 [INFO]: LeadRepush: 0
2024-07-30 18:01:09,006 [INFO]: Excel file saved: C:\Users\tvs-dealer-admin\AppData\Local\Temp\TVS_LMS_30_07_202452h85b4j.xlsx
2024-07-30 18:01:18,110 [INFO]: Reply sent to rajesh.yerremshetty@unicorntechmedia.com with CC to mohit.lalwani@unicorntechmedia.com, kirti.jindal@unicorntechmedia.com, nisha.singh@unicorntechmedia.com, ankur.kataria@unicorntechmedia.com, arun.reddy@newgendigital.com,Neha.Parasher@tvsmotor.com,prasanth@newgendigital.com, priyadharshini@newgendigital.com, punitha@newgendigital.com, kartik.shah@unicorntechmedia.com, somesh@unicorntechmedia.com for the email with subject 'Re: Updated EMS response for null EMS'.
2024-07-31 18:00:29,777 [INFO]: LeadRepush: 5
2024-07-31 18:00:29,777 [ERROR]: count is not equal to zero
2024-07-31 18:01:19,035 [INFO]: LeadRepush: 0
2024-07-31 18:01:33,425 [INFO]: Excel file saved: C:\Users\tvs-dealer-admin\AppData\Local\Temp\TVS_LMS_31_07_2024yyhr48z_.xlsx
2024-07-31 18:01:42,668 [INFO]: Reply sent to rajesh.yerremshetty@unicorntechmedia.com with CC to mohit.lalwani@unicorntechmedia.com, kirti.jindal@unicorntechmedia.com, nisha.singh@unicorntechmedia.com, ankur.kataria@unicorntechmedia.com, arun.reddy@newgendigital.com,Neha.Parasher@tvsmotor.com,prasanth@newgendigital.com, priyadharshini@newgendigital.com, punitha@newgendigital.com, kartik.shah@unicorntechmedia.com, somesh@unicorntechmedia.com for the email with subject 'Re: Updated EMS response for null EMS'.
2024-08-01 18:00:23,809 [INFO]: LeadRepush: 0
2024-08-01 18:00:43,797 [INFO]: Excel file saved: C:\Users\tvs-dealer-admin\AppData\Local\Temp\TVS_LMS_01_08_20242xo09gnq.xlsx
2024-08-01 18:00:52,910 [INFO]: Reply sent to rajesh.yerremshetty@unicorntechmedia.com with CC to mohit.lalwani@unicorntechmedia.com, kirti.jindal@unicorntechmedia.com, nisha.singh@unicorntechmedia.com, ankur.kataria@unicorntechmedia.com, arun.reddy@newgendigital.com,Neha.Parasher@tvsmotor.com,prasanth@newgendigital.com, priyadharshini@newgendigital.com, punitha@newgendigital.com, kartik.shah@unicorntechmedia.com, somesh@unicorntechmedia.com for the email with subject 'Re: Updated EMS response for null EMS'.
2024-08-02 18:00:23,342 [INFO]: LeadRepush: 4
2024-08-02 18:00:23,342 [ERROR]: count is not equal to zero
2024-08-02 18:01:04,313 [INFO]: LeadRepush: 0
2024-08-02 18:01:11,250 [INFO]: Excel file saved: C:\Users\tvs-dealer-admin\AppData\Local\Temp\TVS_LMS_02_08_2024k47tfit0.xlsx
2024-08-02 18:01:19,327 [INFO]: Reply sent to rajesh.yerremshetty@unicorntechmedia.com with CC to mohit.lalwani@unicorntechmedia.com, kirti.jindal@unicorntechmedia.com, nisha.singh@unicorntechmedia.com, ankur.kataria@unicorntechmedia.com, arun.reddy@newgendigital.com,Neha.Parasher@tvsmotor.com,prasanth@newgendigital.com, priyadharshini@newgendigital.com, punitha@newgendigital.com, kartik.shah@unicorntechmedia.com, somesh@unicorntechmedia.com for the email with subject 'Re: Updated EMS response for null EMS'.
2024-08-03 18:00:27,095 [INFO]: LeadRepush: 3
2024-08-03 18:00:27,095 [ERROR]: count is not equal to zero
2024-08-03 18:00:56,770 [INFO]: LeadRepush: 0
2024-08-03 18:01:07,630 [INFO]: Excel file saved: C:\Users\tvs-dealer-admin\AppData\Local\Temp\TVS_LMS_03_08_2024d6rzc8o_.xlsx
2024-08-03 18:01:17,543 [INFO]: Reply sent to rajesh.yerremshetty@unicorntechmedia.com with CC to mohit.lalwani@unicorntechmedia.com, kirti.jindal@unicorntechmedia.com, nisha.singh@unicorntechmedia.com, ankur.kataria@unicorntechmedia.com, arun.reddy@newgendigital.com,Neha.Parasher@tvsmotor.com,prasanth@newgendigital.com, priyadharshini@newgendigital.com, punitha@newgendigital.com, kartik.shah@unicorntechmedia.com, somesh@unicorntechmedia.com for the email with subject 'Re: Updated EMS response for null EMS'.
2024-08-04 18:00:24,111 [INFO]: LeadRepush: 4
2024-08-04 18:00:24,111 [ERROR]: count is not equal to zero
2024-08-04 18:00:46,664 [INFO]: LeadRepush: 0
2024-08-04 18:00:55,197 [INFO]: Excel file saved: C:\Users\tvs-dealer-admin\AppData\Local\Temp\TVS_LMS_04_08_2024443o5wci.xlsx
2024-08-04 18:01:03,995 [INFO]: Reply sent to rajesh.yerremshetty@unicorntechmedia.com with CC to mohit.lalwani@unicorntechmedia.com, kirti.jindal@unicorntechmedia.com, nisha.singh@unicorntechmedia.com, ankur.kataria@unicorntechmedia.com, arun.reddy@newgendigital.com,Neha.Parasher@tvsmotor.com,prasanth@newgendigital.com, priyadharshini@newgendigital.com, punitha@newgendigital.com, kartik.shah@unicorntechmedia.com, somesh@unicorntechmedia.com for the email with subject 'Re: Updated EMS response for null EMS'.
2024-08-05 18:00:25,882 [INFO]: LeadRepush: 2
2024-08-05 18:00:25,882 [ERROR]: count is not equal to zero
2024-08-05 18:01:02,978 [INFO]: LeadRepush: 0
2024-08-05 18:01:13,286 [INFO]: Excel file saved: C:\Users\tvs-dealer-admin\AppData\Local\Temp\TVS_LMS_05_08_202446dmg5tl.xlsx
2024-08-05 18:01:21,872 [INFO]: Reply sent to rajesh.yerremshetty@unicorntechmedia.com with CC to mohit.lalwani@unicorntechmedia.com, kirti.jindal@unicorntechmedia.com, nisha.singh@unicorntechmedia.com, ankur.kataria@unicorntechmedia.com, arun.reddy@newgendigital.com,Neha.Parasher@tvsmotor.com,prasanth@newgendigital.com, priyadharshini@newgendigital.com, punitha@newgendigital.com, kartik.shah@unicorntechmedia.com, somesh@unicorntechmedia.com for the email with subject 'Re: Updated EMS response for null EMS'.
2024-08-06 18:00:24,364 [INFO]: LeadRepush: 8
2024-08-06 18:00:24,364 [ERROR]: count is not equal to zero
2024-08-06 18:01:05,153 [INFO]: LeadRepush: 0
2024-08-06 18:01:12,196 [INFO]: Excel file saved: C:\Users\tvs-dealer-admin\AppData\Local\Temp\TVS_LMS_06_08_2024iev68ch9.xlsx
2024-08-06 18:01:20,985 [INFO]: Reply sent to rajesh.yerremshetty@unicorntechmedia.com with CC to mohit.lalwani@unicorntechmedia.com, kirti.jindal@unicorntechmedia.com, nisha.singh@unicorntechmedia.com, ankur.kataria@unicorntechmedia.com, arun.reddy@newgendigital.com,Neha.Parasher@tvsmotor.com,prasanth@newgendigital.com, priyadharshini@newgendigital.com, punitha@newgendigital.com, kartik.shah@unicorntechmedia.com, somesh@unicorntechmedia.com for the email with subject 'Re: Updated EMS response for null EMS'.
2024-08-07 18:00:37,310 [INFO]: LeadRepush: 14
2024-08-07 18:00:37,310 [ERROR]: count is not equal to zero
2024-08-07 18:01:41,444 [INFO]: LeadRepush: 0
2024-08-07 18:02:00,455 [INFO]: Excel file saved: C:\Users\tvs-dealer-admin\AppData\Local\Temp\TVS_LMS_07_08_2024y59lsx_b.xlsx
2024-08-07 18:02:09,021 [INFO]: Reply sent to rajesh.yerremshetty@unicorntechmedia.com with CC to mohit.lalwani@unicorntechmedia.com, kirti.jindal@unicorntechmedia.com, nisha.singh@unicorntechmedia.com, ankur.kataria@unicorntechmedia.com, arun.reddy@newgendigital.com,Neha.Parasher@tvsmotor.com,prasanth@newgendigital.com, priyadharshini@newgendigital.com, punitha@newgendigital.com, kartik.shah@unicorntechmedia.com, somesh@unicorntechmedia.com for the email with subject 'Re: Updated EMS response for null EMS'.
2024-08-08 18:00:37,353 [INFO]: LeadRepush: 21
2024-08-08 18:00:37,353 [ERROR]: count is not equal to zero
2024-08-08 18:02:09,325 [INFO]: LeadRepush: 0
2024-08-08 18:02:28,149 [INFO]: Excel file saved: C:\Users\tvs-dealer-admin\AppData\Local\Temp\TVS_LMS_08_08_2024n2qeh8l1.xlsx
2024-08-08 18:02:36,801 [INFO]: Reply sent to rajesh.yerremshetty@unicorntechmedia.com with CC to mohit.lalwani@unicorntechmedia.com, kirti.jindal@unicorntechmedia.com, nisha.singh@unicorntechmedia.com, ankur.kataria@unicorntechmedia.com, arun.reddy@newgendigital.com,Neha.Parasher@tvsmotor.com,prasanth@newgendigital.com, priyadharshini@newgendigital.com, punitha@newgendigital.com, kartik.shah@unicorntechmedia.com, somesh@unicorntechmedia.com for the email with subject 'Re: Updated EMS response for null EMS'.
2024-08-09 18:00:38,284 [INFO]: LeadRepush: 12
2024-08-09 18:00:38,284 [ERROR]: count is not equal to zero so try reupdate count1
2024-08-09 18:01:26,472 [INFO]: LeadRepush: 0
2024-08-09 18:01:42,654 [INFO]: Excel file saved: C:\Users\tvs-dealer-admin\AppData\Local\Temp\TVS_LMS_09_08_2024a4go1vls.xlsx
2024-08-09 18:01:51,504 [INFO]: Reply sent to rajesh.yerremshetty@unicorntechmedia.com with CC to kirti.jindal@unicorntechmedia.com, nisha.singh@unicorntechmedia.com, ankur.kataria@unicorntechmedia.com, arun.reddy@newgendigital.com,Neha.Parasher@tvsmotor.com,prasanth@newgendigital.com, priyadharshini@newgendigital.com, punitha@newgendigital.com, kartik.shah@unicorntechmedia.com, somesh@unicorntechmedia.com for the email with subject 'Re: Updated EMS response for null EMS'.
2024-08-10 18:00:32,361 [INFO]: LeadRepush: 8
2024-08-10 18:00:32,361 [ERROR]: count is not equal to zero so try reupdate count1
2024-08-10 18:01:15,050 [INFO]: LeadRepush: 0
2024-08-10 18:01:25,369 [INFO]: Excel file saved: C:\Users\tvs-dealer-admin\AppData\Local\Temp\TVS_LMS_10_08_2024cfne1pq0.xlsx
2024-08-10 18:01:34,175 [INFO]: Reply sent to rajesh.yerremshetty@unicorntechmedia.com with CC to kirti.jindal@unicorntechmedia.com, nisha.singh@unicorntechmedia.com, ankur.kataria@unicorntechmedia.com, arun.reddy@newgendigital.com,Neha.Parasher@tvsmotor.com,prasanth@newgendigital.com, priyadharshini@newgendigital.com, punitha@newgendigital.com, kartik.shah@unicorntechmedia.com, somesh@unicorntechmedia.com for the email with subject 'Re: Updated EMS response for null EMS'.
2024-08-11 18:00:25,183 [INFO]: LeadRepush: 2
2024-08-11 18:00:25,183 [ERROR]: count is not equal to zero so try reupdate count1
2024-08-11 18:00:51,658 [INFO]: LeadRepush: 0
2024-08-11 18:01:01,495 [INFO]: Excel file saved: C:\Users\tvs-dealer-admin\AppData\Local\Temp\TVS_LMS_11_08_2024mzwu6hho.xlsx
2024-08-11 18:01:10,654 [INFO]: Reply sent to rajesh.yerremshetty@unicorntechmedia.com with CC to kirti.jindal@unicorntechmedia.com, nisha.singh@unicorntechmedia.com, ankur.kataria@unicorntechmedia.com, arun.reddy@newgendigital.com,Neha.Parasher@tvsmotor.com,prasanth@newgendigital.com, priyadharshini@newgendigital.com, punitha@newgendigital.com, kartik.shah@unicorntechmedia.com, somesh@unicorntechmedia.com for the email with subject 'Re: Updated EMS response for null EMS'.
2024-08-12 18:00:25,656 [INFO]: LeadRepush: 8
2024-08-12 18:00:25,657 [ERROR]: count is not equal to zero so try reupdate count1
2024-08-12 18:01:13,412 [INFO]: LeadRepush: 0
2024-08-12 18:01:28,969 [INFO]: Excel file saved: C:\Users\tvs-dealer-admin\AppData\Local\Temp\TVS_LMS_12_08_2024aq1baj0i.xlsx
2024-08-12 18:01:36,648 [INFO]: Reply sent to rajesh.yerremshetty@unicorntechmedia.com with CC to kirti.jindal@unicorntechmedia.com, nisha.singh@unicorntechmedia.com, ankur.kataria@unicorntechmedia.com, arun.reddy@newgendigital.com,Neha.Parasher@tvsmotor.com,prasanth@newgendigital.com, priyadharshini@newgendigital.com, punitha@newgendigital.com, kartik.shah@unicorntechmedia.com, somesh@unicorntechmedia.com for the email with subject 'Re: Updated EMS response for null EMS'.
2024-08-13 18:00:30,109 [INFO]: LeadRepush: 5
2024-08-13 18:00:30,111 [ERROR]: count is not equal to zero so try reupdate count1
2024-08-13 18:01:00,408 [INFO]: LeadRepush: 0
2024-08-13 18:01:13,337 [INFO]: Excel file saved: C:\Users\tvs-dealer-admin\AppData\Local\Temp\TVS_LMS_13_08_2024oamnlygw.xlsx
2024-08-13 18:01:22,302 [INFO]: Reply sent to rajesh.yerremshetty@unicorntechmedia.com with CC to kirti.jindal@unicorntechmedia.com, nisha.singh@unicorntechmedia.com, ankur.kataria@unicorntechmedia.com, arun.reddy@newgendigital.com,Neha.Parasher@tvsmotor.com,prasanth@newgendigital.com, priyadharshini@newgendigital.com, punitha@newgendigital.com, kartik.shah@unicorntechmedia.com, somesh@unicorntechmedia.com for the email with subject 'Re: Updated EMS response for null EMS'.
2024-08-14 18:00:16,227 [INFO]: LeadRepush: 6
2024-08-14 18:00:16,227 [ERROR]: count is not equal to zero so try reupdate count1
2024-08-14 18:00:39,731 [INFO]: LeadRepush: 0
2024-08-14 18:00:43,702 [INFO]: Excel file saved: C:\Users\tvs-dealer-admin\AppData\Local\Temp\TVS_LMS_14_08_2024ekewhyd4.xlsx
2024-08-14 18:00:52,034 [INFO]: Reply sent to rajesh.yerremshetty@unicorntechmedia.com with CC to kirti.jindal@unicorntechmedia.com, nisha.singh@unicorntechmedia.com, ankur.kataria@unicorntechmedia.com, arun.reddy@newgendigital.com,Neha.Parasher@tvsmotor.com,prasanth@newgendigital.com, priyadharshini@newgendigital.com, punitha@newgendigital.com, kartik.shah@unicorntechmedia.com, somesh@unicorntechmedia.com for the email with subject 'Re: Updated EMS response for null EMS'.
2024-08-15 18:00:20,233 [INFO]: LeadRepush: 2
2024-08-15 18:00:20,234 [ERROR]: count is not equal to zero so try reupdate count1
2024-08-15 18:00:39,451 [INFO]: LeadRepush: 0
2024-08-15 18:00:47,342 [INFO]: Excel file saved: C:\Users\tvs-dealer-admin\AppData\Local\Temp\TVS_LMS_15_08_20242mkprky7.xlsx
2024-08-15 18:00:56,778 [INFO]: Reply sent to rajesh.yerremshetty@unicorntechmedia.com with CC to kirti.jindal@unicorntechmedia.com, nisha.singh@unicorntechmedia.com, ankur.kataria@unicorntechmedia.com, arun.reddy@newgendigital.com,Neha.Parasher@tvsmotor.com,prasanth@newgendigital.com, priyadharshini@newgendigital.com, punitha@newgendigital.com, kartik.shah@unicorntechmedia.com, somesh@unicorntechmedia.com for the email with subject 'Re: Updated EMS response for null EMS'.
2024-08-16 18:00:18,806 [INFO]: LeadRepush: 11
2024-08-16 18:00:18,806 [ERROR]: count is not equal to zero so try reupdate count1
2024-08-16 18:00:51,140 [INFO]: LeadRepush: 0
2024-08-16 18:00:54,344 [INFO]: Excel file saved: C:\Users\tvs-dealer-admin\AppData\Local\Temp\TVS_LMS_16_08_2024zcif1xyw.xlsx
2024-08-16 18:01:02,588 [INFO]: Reply sent to rajesh.yerremshetty@unicorntechmedia.com with CC to kirti.jindal@unicorntechmedia.com, nisha.singh@unicorntechmedia.com, ankur.kataria@unicorntechmedia.com, arun.reddy@newgendigital.com,Neha.Parasher@tvsmotor.com,prasanth@newgendigital.com, priyadharshini@newgendigital.com, punitha@newgendigital.com, kartik.shah@unicorntechmedia.com, somesh@unicorntechmedia.com for the email with subject 'Re: Updated EMS response for null EMS'.
2024-08-17 18:00:17,272 [INFO]: LeadRepush: 0
2024-08-17 18:00:27,406 [INFO]: Excel file saved: C:\Users\tvs-dealer-admin\AppData\Local\Temp\TVS_LMS_17_08_2024lvo4yy43.xlsx
2024-08-17 18:00:36,425 [INFO]: Reply sent to rajesh.yerremshetty@unicorntechmedia.com with CC to kirti.jindal@unicorntechmedia.com, nisha.singh@unicorntechmedia.com, ankur.kataria@unicorntechmedia.com, arun.reddy@newgendigital.com,Neha.Parasher@tvsmotor.com,prasanth@newgendigital.com, priyadharshini@newgendigital.com, punitha@newgendigital.com, kartik.shah@unicorntechmedia.com, somesh@unicorntechmedia.com for the email with subject 'Re: Updated EMS response for null EMS'.
2024-08-18 18:00:14,725 [INFO]: LeadRepush: 1
2024-08-18 18:00:14,725 [ERROR]: count is not equal to zero so try reupdate count1
2024-08-18 18:00:25,997 [INFO]: LeadRepush: 0
2024-08-18 18:00:29,942 [INFO]: Excel file saved: C:\Users\tvs-dealer-admin\AppData\Local\Temp\TVS_LMS_18_08_202439mc5kg3.xlsx
2024-08-18 18:00:39,025 [INFO]: Reply sent to rajesh.yerremshetty@unicorntechmedia.com with CC to kirti.jindal@unicorntechmedia.com, nisha.singh@unicorntechmedia.com, ankur.kataria@unicorntechmedia.com, arun.reddy@newgendigital.com,Neha.Parasher@tvsmotor.com,prasanth@newgendigital.com, priyadharshini@newgendigital.com, punitha@newgendigital.com, kartik.shah@unicorntechmedia.com, somesh@unicorntechmedia.com for the email with subject 'Re: Updated EMS response for null EMS'.
2024-08-19 18:00:27,299 [INFO]: LeadRepush: 8
2024-08-19 18:00:27,299 [ERROR]: count is not equal to zero so try reupdate count1
2024-08-19 18:00:49,922 [INFO]: LeadRepush: 0
2024-08-19 18:01:00,676 [INFO]: Excel file saved: C:\Users\tvs-dealer-admin\AppData\Local\Temp\TVS_LMS_19_08_2024qlvwnyg4.xlsx
2024-08-19 18:01:09,484 [INFO]: Reply sent to rajesh.yerremshetty@unicorntechmedia.com with CC to kirti.jindal@unicorntechmedia.com, nisha.singh@unicorntechmedia.com, ankur.kataria@unicorntechmedia.com, arun.reddy@newgendigital.com,Neha.Parasher@tvsmotor.com,prasanth@newgendigital.com, priyadharshini@newgendigital.com, punitha@newgendigital.com, kartik.shah@unicorntechmedia.com, somesh@unicorntechmedia.com for the email with subject 'Re: Updated EMS response for null EMS'.
2024-08-20 18:01:07,632 [INFO]: LeadRepush: 3
2024-08-20 18:01:07,633 [ERROR]: count is not equal to zero so try reupdate count1
2024-08-20 18:01:44,178 [ERROR]: Error running the executable: Command 'C:/TVShosurRespush/LeadPush/LeadPush/bin/Debug/LeadPush.exe' returned non-zero exit status 3221225477.
2024-08-20 18:02:17,112 [INFO]: LeadRepush: 3
2024-08-20 18:02:17,113 [ERROR]: count is not equal to zero so try reupdate count2
2024-08-20 18:02:51,632 [ERROR]: Error running the executable: Command 'C:/TVShosurRespush/LeadPush/LeadPush/bin/Debug/LeadPush.exe' returned non-zero exit status 3221225477.
2024-08-20 18:03:12,198 [INFO]: LeadRepush: 3
2024-08-20 18:03:12,198 [ERROR]: count is not equal to zero so try reupdate count3
2024-08-21 18:00:11,727 [INFO]: LeadRepush: 1
2024-08-21 18:00:11,728 [ERROR]: count is not equal to zero so try reupdate count1
2024-08-21 18:00:24,305 [INFO]: LeadRepush: 0
2024-08-21 18:00:27,756 [INFO]: Excel file saved: C:\Users\tvs-dealer-admin\AppData\Local\Temp\TVS_LMS_21_08_20240xebx99t.xlsx
2024-08-21 18:00:36,083 [INFO]: Reply sent to rajesh.yerremshetty@unicorntechmedia.com with CC to kirti.jindal@unicorntechmedia.com, nisha.singh@unicorntechmedia.com, ankur.kataria@unicorntechmedia.com, arun.reddy@newgendigital.com,Neha.Parasher@tvsmotor.com,prasanth@newgendigital.com, priyadharshini@newgendigital.com, punitha@newgendigital.com, kartik.shah@unicorntechmedia.com, somesh@unicorntechmedia.com for the email with subject 'Re: Updated EMS response for null EMS'.
2024-08-22 18:00:40,378 [INFO]: LeadRepush: 174
2024-08-22 18:00:40,379 [ERROR]: count is not equal to zero so try reupdate count1
2024-08-22 18:03:26,294 [INFO]: LeadRepush: 52
2024-08-22 18:03:26,295 [ERROR]: count is not equal to zero so try reupdate count2
2024-08-22 18:04:01,170 [INFO]: LeadRepush: 0
2024-08-22 18:04:04,615 [INFO]: Excel file saved: C:\Users\tvs-dealer-admin\AppData\Local\Temp\TVS_LMS_22_08_2024jai0nkku.xlsx
2024-08-22 18:04:13,763 [INFO]: Reply sent to rajesh.yerremshetty@unicorntechmedia.com with CC to kirti.jindal@unicorntechmedia.com, nisha.singh@unicorntechmedia.com, ankur.kataria@unicorntechmedia.com, arun.reddy@newgendigital.com,Neha.Parasher@tvsmotor.com,prasanth@newgendigital.com, priyadharshini@newgendigital.com, punitha@newgendigital.com, kartik.shah@unicorntechmedia.com, somesh@unicorntechmedia.com for the email with subject 'Re: Updated EMS response for null EMS'.
2024-08-23 18:00:28,996 [INFO]: LeadRepush: 3
2024-08-23 18:00:28,996 [ERROR]: count is not equal to zero so try reupdate count1
2024-08-23 18:01:17,739 [INFO]: LeadRepush: 0
2024-08-23 18:01:49,898 [INFO]: Excel file saved: C:\Users\tvs-dealer-admin\AppData\Local\Temp\TVS_LMS_23_08_2024_qf53yfh.xlsx
2024-08-23 18:01:58,677 [INFO]: Reply sent to rajesh.yerremshetty@unicorntechmedia.com with CC to kirti.jindal@unicorntechmedia.com, ankur.kataria@unicorntechmedia.com, arun.reddy@newgendigital.com,Neha.Parasher@tvsmotor.com,prasanth@newgendigital.com, priyadharshini@newgendigital.com, punitha@newgendigital.com, kartik.shah@unicorntechmedia.com, somesh@unicorntechmedia.com for the email with subject 'Re: Updated EMS response for null EMS'.
2024-08-24 18:00:16,254 [INFO]: LeadRepush: 1
2024-08-24 18:00:16,254 [ERROR]: count is not equal to zero so try reupdate count1
2024-08-24 18:00:30,494 [INFO]: LeadRepush: 0
2024-08-24 18:00:36,703 [INFO]: Excel file saved: C:\Users\tvs-dealer-admin\AppData\Local\Temp\TVS_LMS_24_08_20249_n24seb.xlsx
2024-08-24 18:00:44,887 [INFO]: Reply sent to rajesh.yerremshetty@unicorntechmedia.com with CC to kirti.jindal@unicorntechmedia.com, ankur.kataria@unicorntechmedia.com, arun.reddy@newgendigital.com,Neha.Parasher@tvsmotor.com,prasanth@newgendigital.com, priyadharshini@newgendigital.com, punitha@newgendigital.com, kartik.shah@unicorntechmedia.com, somesh@unicorntechmedia.com for the email with subject 'Re: Updated EMS response for null EMS'.
